<?xml version="1.0" encoding="UTF-8"?>
<!-- Generated by org.testng.reporters.JUnitReportReporter -->
<testsuite hostname="LAPTOP-VNBA3OG5" failures="0" tests="1" name="_MakeAPatternOfU_LCase_P._MakeAPatternOfU_LCase.MakeAPatternOfULCase" time="0.017" errors="0" timestamp="2021-09-30T10:59:48 CDT" skipped="0">
  <testcase classname="_MakeAPatternOfU_LCase_P._MakeAPatternOfU_LCase.MakeAPatternOfULCase" name="t3" time="0.017"/>
  <system-out/>
</testsuite> <!-- _MakeAPatternOfU_LCase_P._MakeAPatternOfU_LCase.MakeAPatternOfULCase -->
